
fib.o:     file format elf32-littlearm


Disassembly of section .text:

00000000 <fib>:
   0:	b4f0      	push	{r4, r5, r6, r7}
   2:	6078      	str	r0, [r7, #4]
   4:	2301      	movs	r3, #1
   6:	617b      	str	r3, [r7, #20]
   8:	2301      	movs	r3, #1
   a:	613b      	str	r3, [r7, #16]
   c:	2301      	movs	r3, #1
   e:	60fb      	str	r3, [r7, #12]
  10:	687b      	ldr	r3, [r7, #4]
  12:	2b00      	cmp	r3, #0
  14:	d101      	bne.n	1a <.NEXT>
  16:	2300      	movs	r3, #0
  18:	e018      	b.n	4c <.FINISH>

0000001a <.NEXT>:
  1a:	687b      	ldr	r3, [r7, #4]
  1c:	2b01      	cmp	r3, #1
  1e:	d101      	bne.n	24 <.STORE>
  20:	2301      	movs	r3, #1
  22:	e013      	b.n	4c <.FINISH>

00000024 <.STORE>:
  24:	2300      	movs	r3, #0
  26:	60bb      	str	r3, [r7, #8]
  28:	e00a      	b.n	40 <.RECURE2>

0000002a <.RECURE>:
  2a:	693a      	ldr	r2, [r7, #16]
  2c:	697b      	ldr	r3, [r7, #20]
  2e:	4413      	add	r3, r2
  30:	60fb      	str	r3, [r7, #12]
  32:	693b      	ldr	r3, [r7, #16]
  34:	617b      	str	r3, [r7, #20]
  36:	68fb      	ldr	r3, [r7, #12]
  38:	613b      	str	r3, [r7, #16]
  3a:	68bb      	ldr	r3, [r7, #8]
  3c:	3301      	adds	r3, #1
  3e:	60bb      	str	r3, [r7, #8]

00000040 <.RECURE2>:
  40:	687b      	ldr	r3, [r7, #4]
  42:	1e9a      	subs	r2, r3, #2
  44:	68bb      	ldr	r3, [r7, #8]
  46:	429a      	cmp	r2, r3
  48:	dcef      	bgt.n	2a <.RECURE>
  4a:	68fb      	ldr	r3, [r7, #12]

0000004c <.FINISH>:
  4c:	4618      	mov	r0, r3
  4e:	371c      	adds	r7, #28
  50:	bcf0      	pop	{r4, r5, r6, r7}
